
*** Running vivado
    with args -log design_1_seg7display_0_0.vds -m64 -product Vivado -mode batch -messageDb vivado.pb -notrace -source design_1_seg7display_0_0.tcl


****** Vivado v2018.2 (64-bit)
  **** SW Build 2258646 on Thu Jun 14 20:03:12 MDT 2018
  **** IP Build 2256618 on Thu Jun 14 22:10:49 MDT 2018
    ** Copyright 1986-2018 Xilinx, Inc. All Rights Reserved.

source design_1_seg7display_0_0.tcl -notrace
Command: synth_design -top design_1_seg7display_0_0 -part xc7a35tcpg236-1 -mode out_of_context
Starting synth_design
Attempting to get a license for feature 'Synthesis' and/or device 'xc7a35t'
INFO: [Common 17-349] Got license for feature 'Synthesis' and/or device 'xc7a35t'
INFO: Launching helper process for spawning children vivado processes
INFO: Helper process launched with PID 6576 
WARNING: [Synth 8-2142] illegal initial value of input port x_h for module seg7display ignored [c:/Users/hatic/deigit_des/deigit_des.srcs/sources_1/bd/design_1/ipshared/f667/src/seg7display.v:26]
---------------------------------------------------------------------------------
Starting Synthesize : Time (s): cpu = 00:00:03 ; elapsed = 00:00:04 . Memory (MB): peak = 459.160 ; gain = 109.172
---------------------------------------------------------------------------------
INFO: [Synth 8-6157] synthesizing module 'design_1_seg7display_0_0' [c:/Users/hatic/deigit_des/deigit_des.srcs/sources_1/bd/design_1/ip/design_1_seg7display_0_0/synth/design_1_seg7display_0_0.v:57]
INFO: [Synth 8-6157] synthesizing module 'seg7display' [c:/Users/hatic/deigit_des/deigit_des.srcs/sources_1/bd/design_1/ipshared/f667/src/seg7display.v:21]
	Parameter MODULES bound to: 1 - type: integer 
	Parameter DP_0 bound to: 1 - type: integer 
	Parameter DP_1 bound to: 1 - type: integer 
	Parameter DP_2 bound to: 1 - type: integer 
	Parameter DP_3 bound to: 1 - type: integer 
	Parameter DP_4 bound to: 1 - type: integer 
	Parameter DP_5 bound to: 1 - type: integer 
	Parameter DP_6 bound to: 1 - type: integer 
	Parameter DP_7 bound to: 1 - type: integer 
INFO: [Synth 8-226] default block is never used [c:/Users/hatic/deigit_des/deigit_des.srcs/sources_1/bd/design_1/ipshared/f667/src/seg7display.v:66]
INFO: [Synth 8-226] default block is never used [c:/Users/hatic/deigit_des/deigit_des.srcs/sources_1/bd/design_1/ipshared/f667/src/seg7display.v:81]
WARNING: [Synth 8-3848] Net dp_h in module/entity seg7display does not have driver. [c:/Users/hatic/deigit_des/deigit_des.srcs/sources_1/bd/design_1/ipshared/f667/src/seg7display.v:33]
INFO: [Synth 8-6155] done synthesizing module 'seg7display' (1#1) [c:/Users/hatic/deigit_des/deigit_des.srcs/sources_1/bd/design_1/ipshared/f667/src/seg7display.v:21]
INFO: [Synth 8-6155] done synthesizing module 'design_1_seg7display_0_0' (2#1) [c:/Users/hatic/deigit_des/deigit_des.srcs/sources_1/bd/design_1/ip/design_1_seg7display_0_0/synth/design_1_seg7display_0_0.v:57]
WARNING: [Synth 8-3331] design seg7display has unconnected port dp_h
---------------------------------------------------------------------------------
Finished Synthesize : Time (s): cpu = 00:00:04 ; elapsed = 00:00:05 . Memory (MB): peak = 492.406 ; gain = 142.418
---------------------------------------------------------------------------------
---------------------------------------------------------------------------------
Finished Constraint Validation : Time (s): cpu = 00:00:04 ; elapsed = 00:00:05 . Memory (MB): peak = 492.406 ; gain = 142.418
---------------------------------------------------------------------------------
---------------------------------------------------------------------------------
Start Loading Part and Timing Information
---------------------------------------------------------------------------------
Loading part: xc7a35tcpg236-1
---------------------------------------------------------------------------------
Finished Loading Part and Timing Information : Time (s): cpu = 00:00:04 ; elapsed = 00:00:05 . Memory (MB): peak = 492.406 ; gain = 142.418
---------------------------------------------------------------------------------
INFO: [Device 21-403] Loading part xc7a35tcpg236-1
WARNING: [Synth 8-327] inferring latch for variable 'dp_l_reg' [c:/Users/hatic/deigit_des/deigit_des.srcs/sources_1/bd/design_1/ipshared/f667/src/seg7display.v:121]
---------------------------------------------------------------------------------
Finished RTL Optimization Phase 2 : Time (s): cpu = 00:00:04 ; elapsed = 00:00:05 . Memory (MB): peak = 492.406 ; gain = 142.418
---------------------------------------------------------------------------------

Report RTL Partitions: 
+-+--------------+------------+----------+
| |RTL Partition |Replication |Instances |
+-+--------------+------------+----------+
+-+--------------+------------+----------+
No constraint files found.
---------------------------------------------------------------------------------
Start RTL Component Statistics 
---------------------------------------------------------------------------------
Detailed RTL Component Info : 
+---Registers : 
	                4 Bit    Registers := 1     
+---Muxes : 
	   2 Input      8 Bit        Muxes := 1     
---------------------------------------------------------------------------------
Finished RTL Component Statistics 
---------------------------------------------------------------------------------
---------------------------------------------------------------------------------
Start RTL Hierarchical Component Statistics 
---------------------------------------------------------------------------------
Hierarchical RTL Component report 
Module seg7display 
Detailed RTL Component Info : 
+---Registers : 
	                4 Bit    Registers := 1     
+---Muxes : 
	   2 Input      8 Bit        Muxes := 1     
---------------------------------------------------------------------------------
Finished RTL Hierarchical Component Statistics
---------------------------------------------------------------------------------
---------------------------------------------------------------------------------
Start Part Resource Summary
---------------------------------------------------------------------------------
Part Resources:
DSPs: 90 (col length:60)
BRAMs: 100 (col length: RAMB18 60 RAMB36 30)
---------------------------------------------------------------------------------
Finished Part Resource Summary
---------------------------------------------------------------------------------
No constraint files found.
---------------------------------------------------------------------------------
Start Cross Boundary and Area Optimization
---------------------------------------------------------------------------------
Warning: Parallel synthesis criteria is not met 
INFO: [Synth 8-3333] propagating constant 0 across sequential element (\inst/dp_l_reg )
INFO: [Synth 8-3332] Sequential element (inst/dp_l_reg) is unused and will be removed from module design_1_seg7display_0_0.
---------------------------------------------------------------------------------
Finished Cross Boundary and Area Optimization : Time (s): cpu = 00:00:08 ; elapsed = 00:00:11 . Memory (MB): peak = 630.008 ; gain = 280.020
---------------------------------------------------------------------------------

Report RTL Partitions: 
+-+--------------+------------+----------+
| |RTL Partition |Replication |Instances |
+-+--------------+------------+----------+
+-+--------------+------------+----------+
No constraint files found.
---------------------------------------------------------------------------------
Start Timing Optimization
---------------------------------------------------------------------------------
---------------------------------------------------------------------------------
Finished Timing Optimization : Time (s): cpu = 00:00:09 ; elapsed = 00:00:11 . Memory (MB): peak = 630.008 ; gain = 280.020
---------------------------------------------------------------------------------

Report RTL Partitions: 
+-+--------------+------------+----------+
| |RTL Partition |Replication |Instances |
+-+--------------+------------+----------+
+-+--------------+------------+----------+
---------------------------------------------------------------------------------
Start Technology Mapping
---------------------------------------------------------------------------------
---------------------------------------------------------------------------------
Finished Technology Mapping : Time (s): cpu = 00:00:09 ; elapsed = 00:00:11 . Memory (MB): peak = 630.195 ; gain = 280.207
---------------------------------------------------------------------------------

Report RTL Partitions: 
+-+--------------+------------+----------+
| |RTL Partition |Replication |Instances |
+-+--------------+------------+----------+
+-+--------------+------------+----------+
---------------------------------------------------------------------------------
Start IO Insertion
---------------------------------------------------------------------------------
---------------------------------------------------------------------------------
Start Flattening Before IO Insertion
---------------------------------------------------------------------------------
---------------------------------------------------------------------------------
Finished Flattening Before IO Insertion
---------------------------------------------------------------------------------
---------------------------------------------------------------------------------
Start Final Netlist Cleanup
---------------------------------------------------------------------------------
---------------------------------------------------------------------------------
Finished Final Netlist Cleanup
---------------------------------------------------------------------------------
---------------------------------------------------------------------------------
Finished IO Insertion : Time (s): cpu = 00:00:10 ; elapsed = 00:00:12 . Memory (MB): peak = 630.195 ; gain = 280.207
---------------------------------------------------------------------------------

Report Check Netlist: 
+------+------------------+-------+---------+-------+------------------+
|      |Item              |Errors |Warnings |Status |Description       |
+------+------------------+-------+---------+-------+------------------+
|1     |multi_driven_nets |      0|        0|Passed |Multi driven nets |
+------+------------------+-------+---------+-------+------------------+
---------------------------------------------------------------------------------
Start Renaming Generated Instances
---------------------------------------------------------------------------------
---------------------------------------------------------------------------------
Finished Renaming Generated Instances : Time (s): cpu = 00:00:10 ; elapsed = 00:00:12 . Memory (MB): peak = 630.195 ; gain = 280.207
---------------------------------------------------------------------------------

Report RTL Partitions: 
+-+--------------+------------+----------+
| |RTL Partition |Replication |Instances |
+-+--------------+------------+----------+
+-+--------------+------------+----------+
---------------------------------------------------------------------------------
Start Rebuilding User Hierarchy
---------------------------------------------------------------------------------
---------------------------------------------------------------------------------
Finished Rebuilding User Hierarchy : Time (s): cpu = 00:00:10 ; elapsed = 00:00:12 . Memory (MB): peak = 630.195 ; gain = 280.207
---------------------------------------------------------------------------------
---------------------------------------------------------------------------------
Start Renaming Generated Ports
---------------------------------------------------------------------------------
---------------------------------------------------------------------------------
Finished Renaming Generated Ports : Time (s): cpu = 00:00:10 ; elapsed = 00:00:12 . Memory (MB): peak = 630.195 ; gain = 280.207
---------------------------------------------------------------------------------
---------------------------------------------------------------------------------
Start Handling Custom Attributes
---------------------------------------------------------------------------------
---------------------------------------------------------------------------------
Finished Handling Custom Attributes : Time (s): cpu = 00:00:10 ; elapsed = 00:00:12 . Memory (MB): peak = 630.195 ; gain = 280.207
---------------------------------------------------------------------------------
---------------------------------------------------------------------------------
Start Renaming Generated Nets
---------------------------------------------------------------------------------
---------------------------------------------------------------------------------
Finished Renaming Generated Nets : Time (s): cpu = 00:00:10 ; elapsed = 00:00:12 . Memory (MB): peak = 630.195 ; gain = 280.207
---------------------------------------------------------------------------------
---------------------------------------------------------------------------------
Start Writing Synthesis Report
---------------------------------------------------------------------------------

Report BlackBoxes: 
+-+--------------+----------+
| |BlackBox name |Instances |
+-+--------------+----------+
+-+--------------+----------+

Report Cell Usage: 
+------+-------+------+
|      |Cell   |Count |
+------+-------+------+
|1     |CARRY4 |     5|
|2     |LUT1   |     1|
|3     |LUT2   |     4|
|4     |LUT4   |     7|
|5     |LUT6   |     4|
|6     |FDRE   |    24|
+------+-------+------+

Report Instance Areas: 
+------+---------+------------+------+
|      |Instance |Module      |Cells |
+------+---------+------------+------+
|1     |top      |            |    45|
|2     |  inst   |seg7display |    45|
+------+---------+------------+------+
---------------------------------------------------------------------------------
Finished Writing Synthesis Report : Time (s): cpu = 00:00:10 ; elapsed = 00:00:12 . Memory (MB): peak = 630.195 ; gain = 280.207
---------------------------------------------------------------------------------
Synthesis finished with 0 errors, 0 critical warnings and 4 warnings.
Synthesis Optimization Runtime : Time (s): cpu = 00:00:10 ; elapsed = 00:00:12 . Memory (MB): peak = 630.195 ; gain = 280.207
Synthesis Optimization Complete : Time (s): cpu = 00:00:10 ; elapsed = 00:00:12 . Memory (MB): peak = 630.195 ; gain = 280.207
INFO: [Project 1-571] Translating synthesized netlist
INFO: [Netlist 29-17] Analyzing 5 Unisim elements for replacement
INFO: [Netlist 29-28] Unisim Transformation completed in 0 CPU seconds
INFO: [Project 1-570] Preparing netlist for logic optimization
INFO: [Opt 31-138] Pushed 0 inverter(s) to 0 load pin(s).
INFO: [Project 1-111] Unisim Transformation Summary:
No Unisim elements were transformed.

INFO: [Common 17-83] Releasing license: Synthesis
17 Infos, 4 Warnings, 0 Critical Warnings and 0 Errors encountered.
synth_design completed successfully
synth_design: Time (s): cpu = 00:00:16 ; elapsed = 00:00:19 . Memory (MB): peak = 737.047 ; gain = 398.531
WARNING: [Constraints 18-5210] No constraint will be written out.
INFO: [Timing 38-35] Done setting XDC timing constraints.
INFO: [Common 17-1381] The checkpoint 'C:/Users/hatic/deigit_des/deigit_des.runs/design_1_seg7display_0_0_synth_1/design_1_seg7display_0_0.dcp' has been generated.
write_checkpoint: Time (s): cpu = 00:00:13 ; elapsed = 00:00:17 . Memory (MB): peak = 1204.883 ; gain = 467.836
INFO: [Coretcl 2-1482] Added synthesis output to IP cache for IP c:/Users/hatic/deigit_des/deigit_des.srcs/sources_1/bd/design_1/ip/design_1_seg7display_0_0/design_1_seg7display_0_0.xci
WARNING: [Constraints 18-5210] No constraint will be written out.
INFO: [Common 17-1381] The checkpoint 'C:/Users/hatic/deigit_des/deigit_des.runs/design_1_seg7display_0_0_synth_1/design_1_seg7display_0_0.dcp' has been generated.
INFO: [runtcl-4] Executing : report_utilization -file design_1_seg7display_0_0_utilization_synth.rpt -pb design_1_seg7display_0_0_utilization_synth.pb
report_utilization: Time (s): cpu = 00:00:00 ; elapsed = 00:00:00.041 . Memory (MB): peak = 1208.895 ; gain = 0.000
INFO: [Common 17-206] Exiting Vivado at Mon Dec 24 19:46:57 2018...
