
*** Running vivado
    with args -log design_1_xup_2_to_1_mux_vector_0_1.vds -m64 -product Vivado -mode batch -messageDb vivado.pb -notrace -source design_1_xup_2_to_1_mux_vector_0_1.tcl


****** Vivado v2018.2 (64-bit)
  **** SW Build 2258646 on Thu Jun 14 20:03:12 MDT 2018
  **** IP Build 2256618 on Thu Jun 14 22:10:49 MDT 2018
    ** Copyright 1986-2018 Xilinx, Inc. All Rights Reserved.

source design_1_xup_2_to_1_mux_vector_0_1.tcl -notrace
Command: synth_design -top design_1_xup_2_to_1_mux_vector_0_1 -part xc7a35tcpg236-1 -mode out_of_context
Starting synth_design
Attempting to get a license for feature 'Synthesis' and/or device 'xc7a35t'
INFO: [Common 17-349] Got license for feature 'Synthesis' and/or device 'xc7a35t'
INFO: Launching helper process for spawning children vivado processes
INFO: Helper process launched with PID 3804 
---------------------------------------------------------------------------------
Starting Synthesize : Time (s): cpu = 00:00:03 ; elapsed = 00:00:05 . Memory (MB): peak = 445.816 ; gain = 96.738
---------------------------------------------------------------------------------
INFO: [Synth 8-6157] synthesizing module 'design_1_xup_2_to_1_mux_vector_0_1' [c:/Users/hatic/try_sevenseg/try_sevenseg.srcs/sources_1/bd/design_1/ip/design_1_xup_2_to_1_mux_vector_0_1/synth/design_1_xup_2_to_1_mux_vector_0_1.v:57]
INFO: [Synth 8-6157] synthesizing module 'xup_2_to_1_mux_vector' [c:/Users/hatic/try_sevenseg/try_sevenseg.srcs/sources_1/bd/design_1/ipshared/507c/src/xup_2_to_1_mux_vector.v:5]
	Parameter SIZE bound to: 4 - type: integer 
	Parameter DELAY bound to: 3 - type: integer 
INFO: [Synth 8-6155] done synthesizing module 'xup_2_to_1_mux_vector' (1#1) [c:/Users/hatic/try_sevenseg/try_sevenseg.srcs/sources_1/bd/design_1/ipshared/507c/src/xup_2_to_1_mux_vector.v:5]
INFO: [Synth 8-6155] done synthesizing module 'design_1_xup_2_to_1_mux_vector_0_1' (2#1) [c:/Users/hatic/try_sevenseg/try_sevenseg.srcs/sources_1/bd/design_1/ip/design_1_xup_2_to_1_mux_vector_0_1/synth/design_1_xup_2_to_1_mux_vector_0_1.v:57]
---------------------------------------------------------------------------------
Finished Synthesize : Time (s): cpu = 00:00:04 ; elapsed = 00:00:06 . Memory (MB): peak = 500.805 ; gain = 151.727
---------------------------------------------------------------------------------
---------------------------------------------------------------------------------
Finished Constraint Validation : Time (s): cpu = 00:00:04 ; elapsed = 00:00:06 . Memory (MB): peak = 500.805 ; gain = 151.727
---------------------------------------------------------------------------------
---------------------------------------------------------------------------------
Start Loading Part and Timing Information
---------------------------------------------------------------------------------
Loading part: xc7a35tcpg236-1
INFO: [Device 21-403] Loading part xc7a35tcpg236-1
---------------------------------------------------------------------------------
Finished Loading Part and Timing Information : Time (s): cpu = 00:00:04 ; elapsed = 00:00:06 . Memory (MB): peak = 500.805 ; gain = 151.727
---------------------------------------------------------------------------------
---------------------------------------------------------------------------------
Finished RTL Optimization Phase 2 : Time (s): cpu = 00:00:04 ; elapsed = 00:00:06 . Memory (MB): peak = 500.805 ; gain = 151.727
---------------------------------------------------------------------------------

Report RTL Partitions: 
+-+--------------+------------+----------+
| |RTL Partition |Replication |Instances |
+-+--------------+------------+----------+
+-+--------------+------------+----------+
No constraint files found.
---------------------------------------------------------------------------------
Start RTL Component Statistics 
---------------------------------------------------------------------------------
Detailed RTL Component Info : 
+---Muxes : 
	   2 Input      4 Bit        Muxes := 1     
---------------------------------------------------------------------------------
Finished RTL Component Statistics 
---------------------------------------------------------------------------------
---------------------------------------------------------------------------------
Start RTL Hierarchical Component Statistics 
---------------------------------------------------------------------------------
Hierarchical RTL Component report 
Module xup_2_to_1_mux_vector 
Detailed RTL Component Info : 
+---Muxes : 
	   2 Input      4 Bit        Muxes := 1     
---------------------------------------------------------------------------------
Finished RTL Hierarchical Component Statistics
---------------------------------------------------------------------------------
---------------------------------------------------------------------------------
Start Part Resource Summary
---------------------------------------------------------------------------------
Part Resources:
DSPs: 90 (col length:60)
BRAMs: 100 (col length: RAMB18 60 RAMB36 30)
---------------------------------------------------------------------------------
Finished Part Resource Summary
---------------------------------------------------------------------------------
No constraint files found.
---------------------------------------------------------------------------------
Start Cross Boundary and Area Optimization
---------------------------------------------------------------------------------
Warning: Parallel synthesis criteria is not met 
---------------------------------------------------------------------------------
Finished Cross Boundary and Area Optimization : Time (s): cpu = 00:00:09 ; elapsed = 00:00:13 . Memory (MB): peak = 629.914 ; gain = 280.836
---------------------------------------------------------------------------------

Report RTL Partitions: 
+-+--------------+------------+----------+
| |RTL Partition |Replication |Instances |
+-+--------------+------------+----------+
+-+--------------+------------+----------+
No constraint files found.
---------------------------------------------------------------------------------
Start Timing Optimization
---------------------------------------------------------------------------------
---------------------------------------------------------------------------------
Finished Timing Optimization : Time (s): cpu = 00:00:09 ; elapsed = 00:00:13 . Memory (MB): peak = 629.914 ; gain = 280.836
---------------------------------------------------------------------------------

Report RTL Partitions: 
+-+--------------+------------+----------+
| |RTL Partition |Replication |Instances |
+-+--------------+------------+----------+
+-+--------------+------------+----------+
---------------------------------------------------------------------------------
Start Technology Mapping
---------------------------------------------------------------------------------
---------------------------------------------------------------------------------
Finished Technology Mapping : Time (s): cpu = 00:00:09 ; elapsed = 00:00:13 . Memory (MB): peak = 629.914 ; gain = 280.836
---------------------------------------------------------------------------------

Report RTL Partitions: 
+-+--------------+------------+----------+
| |RTL Partition |Replication |Instances |
+-+--------------+------------+----------+
+-+--------------+------------+----------+
---------------------------------------------------------------------------------
Start IO Insertion
---------------------------------------------------------------------------------
---------------------------------------------------------------------------------
Start Flattening Before IO Insertion
---------------------------------------------------------------------------------
---------------------------------------------------------------------------------
Finished Flattening Before IO Insertion
---------------------------------------------------------------------------------
---------------------------------------------------------------------------------
Start Final Netlist Cleanup
---------------------------------------------------------------------------------
---------------------------------------------------------------------------------
Finished Final Netlist Cleanup
---------------------------------------------------------------------------------
---------------------------------------------------------------------------------
Finished IO Insertion : Time (s): cpu = 00:00:10 ; elapsed = 00:00:14 . Memory (MB): peak = 629.914 ; gain = 280.836
---------------------------------------------------------------------------------

Report Check Netlist: 
+------+------------------+-------+---------+-------+------------------+
|      |Item              |Errors |Warnings |Status |Description       |
+------+------------------+-------+---------+-------+------------------+
|1     |multi_driven_nets |      0|        0|Passed |Multi driven nets |
+------+------------------+-------+---------+-------+------------------+
---------------------------------------------------------------------------------
Start Renaming Generated Instances
---------------------------------------------------------------------------------
---------------------------------------------------------------------------------
Finished Renaming Generated Instances : Time (s): cpu = 00:00:10 ; elapsed = 00:00:14 . Memory (MB): peak = 629.914 ; gain = 280.836
---------------------------------------------------------------------------------

Report RTL Partitions: 
+-+--------------+------------+----------+
| |RTL Partition |Replication |Instances |
+-+--------------+------------+----------+
+-+--------------+------------+----------+
---------------------------------------------------------------------------------
Start Rebuilding User Hierarchy
---------------------------------------------------------------------------------
---------------------------------------------------------------------------------
Finished Rebuilding User Hierarchy : Time (s): cpu = 00:00:10 ; elapsed = 00:00:14 . Memory (MB): peak = 629.914 ; gain = 280.836
---------------------------------------------------------------------------------
---------------------------------------------------------------------------------
Start Renaming Generated Ports
---------------------------------------------------------------------------------
---------------------------------------------------------------------------------
Finished Renaming Generated Ports : Time (s): cpu = 00:00:10 ; elapsed = 00:00:14 . Memory (MB): peak = 629.914 ; gain = 280.836
---------------------------------------------------------------------------------
---------------------------------------------------------------------------------
Start Handling Custom Attributes
---------------------------------------------------------------------------------
---------------------------------------------------------------------------------
Finished Handling Custom Attributes : Time (s): cpu = 00:00:10 ; elapsed = 00:00:14 . Memory (MB): peak = 629.914 ; gain = 280.836
---------------------------------------------------------------------------------
---------------------------------------------------------------------------------
Start Renaming Generated Nets
---------------------------------------------------------------------------------
---------------------------------------------------------------------------------
Finished Renaming Generated Nets : Time (s): cpu = 00:00:10 ; elapsed = 00:00:14 . Memory (MB): peak = 629.914 ; gain = 280.836
---------------------------------------------------------------------------------
---------------------------------------------------------------------------------
Start Writing Synthesis Report
---------------------------------------------------------------------------------

Report BlackBoxes: 
+-+--------------+----------+
| |BlackBox name |Instances |
+-+--------------+----------+
+-+--------------+----------+

Report Cell Usage: 
+------+-----+------+
|      |Cell |Count |
+------+-----+------+
|1     |LUT3 |     4|
+------+-----+------+

Report Instance Areas: 
+------+---------+----------------------+------+
|      |Instance |Module                |Cells |
+------+---------+----------------------+------+
|1     |top      |                      |     4|
|2     |  inst   |xup_2_to_1_mux_vector |     4|
+------+---------+----------------------+------+
---------------------------------------------------------------------------------
Finished Writing Synthesis Report : Time (s): cpu = 00:00:10 ; elapsed = 00:00:14 . Memory (MB): peak = 629.914 ; gain = 280.836
---------------------------------------------------------------------------------
Synthesis finished with 0 errors, 0 critical warnings and 0 warnings.
Synthesis Optimization Runtime : Time (s): cpu = 00:00:10 ; elapsed = 00:00:14 . Memory (MB): peak = 629.914 ; gain = 280.836
Synthesis Optimization Complete : Time (s): cpu = 00:00:10 ; elapsed = 00:00:14 . Memory (MB): peak = 629.914 ; gain = 280.836
INFO: [Project 1-571] Translating synthesized netlist
INFO: [Project 1-570] Preparing netlist for logic optimization
INFO: [Opt 31-138] Pushed 0 inverter(s) to 0 load pin(s).
INFO: [Project 1-111] Unisim Transformation Summary:
No Unisim elements were transformed.

INFO: [Common 17-83] Releasing license: Synthesis
11 Infos, 0 Warnings, 0 Critical Warnings and 0 Errors encountered.
synth_design completed successfully
synth_design: Time (s): cpu = 00:00:16 ; elapsed = 00:00:21 . Memory (MB): peak = 737.168 ; gain = 399.566
WARNING: [Constraints 18-5210] No constraint will be written out.
INFO: [Timing 38-35] Done setting XDC timing constraints.
INFO: [Common 17-1381] The checkpoint 'C:/Users/hatic/try_sevenseg/try_sevenseg.runs/design_1_xup_2_to_1_mux_vector_0_1_synth_1/design_1_xup_2_to_1_mux_vector_0_1.dcp' has been generated.
write_checkpoint: Time (s): cpu = 00:00:12 ; elapsed = 00:00:15 . Memory (MB): peak = 1173.254 ; gain = 436.086
INFO: [Coretcl 2-1482] Added synthesis output to IP cache for IP c:/Users/hatic/try_sevenseg/try_sevenseg.srcs/sources_1/bd/design_1/ip/design_1_xup_2_to_1_mux_vector_0_1/design_1_xup_2_to_1_mux_vector_0_1.xci
WARNING: [Constraints 18-5210] No constraint will be written out.
INFO: [Common 17-1381] The checkpoint 'C:/Users/hatic/try_sevenseg/try_sevenseg.runs/design_1_xup_2_to_1_mux_vector_0_1_synth_1/design_1_xup_2_to_1_mux_vector_0_1.dcp' has been generated.
INFO: [runtcl-4] Executing : report_utilization -file design_1_xup_2_to_1_mux_vector_0_1_utilization_synth.rpt -pb design_1_xup_2_to_1_mux_vector_0_1_utilization_synth.pb
report_utilization: Time (s): cpu = 00:00:00 ; elapsed = 00:00:00.032 . Memory (MB): peak = 1177.262 ; gain = 0.000
INFO: [Common 17-206] Exiting Vivado at Sat Dec 22 14:29:11 2018...
