
*** Running vivado
    with args -log design_1_c_counter_binary_0_2.vds -m64 -product Vivado -mode batch -messageDb vivado.pb -notrace -source design_1_c_counter_binary_0_2.tcl


****** Vivado v2018.2 (64-bit)
  **** SW Build 2258646 on Thu Jun 14 20:03:12 MDT 2018
  **** IP Build 2256618 on Thu Jun 14 22:10:49 MDT 2018
    ** Copyright 1986-2018 Xilinx, Inc. All Rights Reserved.

source design_1_c_counter_binary_0_2.tcl -notrace
Command: synth_design -top design_1_c_counter_binary_0_2 -part xc7a35tcpg236-1 -mode out_of_context
Starting synth_design
Attempting to get a license for feature 'Synthesis' and/or device 'xc7a35t'
INFO: [Common 17-349] Got license for feature 'Synthesis' and/or device 'xc7a35t'
INFO: Launching helper process for spawning children vivado processes
INFO: Helper process launched with PID 5584 
---------------------------------------------------------------------------------
Starting RTL Elaboration : Time (s): cpu = 00:00:06 ; elapsed = 00:00:07 . Memory (MB): peak = 448.176 ; gain = 98.219
---------------------------------------------------------------------------------
INFO: [Synth 8-638] synthesizing module 'design_1_c_counter_binary_0_2' [c:/Users/hatic/deigit_des/deigit_des.srcs/sources_1/bd/design_1/ip/design_1_c_counter_binary_0_2/synth/design_1_c_counter_binary_0_2.vhd:68]
	Parameter C_IMPLEMENTATION bound to: 0 - type: integer 
	Parameter C_VERBOSITY bound to: 0 - type: integer 
	Parameter C_XDEVICEFAMILY bound to: artix7 - type: string 
	Parameter C_WIDTH bound to: 16 - type: integer 
	Parameter C_HAS_CE bound to: 0 - type: integer 
	Parameter C_HAS_SCLR bound to: 0 - type: integer 
	Parameter C_RESTRICT_COUNT bound to: 0 - type: integer 
	Parameter C_COUNT_TO bound to: 1 - type: string 
	Parameter C_COUNT_BY bound to: 1 - type: string 
	Parameter C_COUNT_MODE bound to: 0 - type: integer 
	Parameter C_THRESH0_VALUE bound to: 1 - type: string 
	Parameter C_CE_OVERRIDES_SYNC bound to: 0 - type: integer 
	Parameter C_HAS_THRESH0 bound to: 0 - type: integer 
	Parameter C_HAS_LOAD bound to: 1 - type: integer 
	Parameter C_LOAD_LOW bound to: 0 - type: integer 
	Parameter C_LATENCY bound to: 1 - type: integer 
	Parameter C_FB_LATENCY bound to: 0 - type: integer 
	Parameter C_AINIT_VAL bound to: 0 - type: string 
	Parameter C_SINIT_VAL bound to: 0 - type: string 
	Parameter C_SCLR_OVERRIDES_SSET bound to: 1 - type: integer 
	Parameter C_HAS_SSET bound to: 0 - type: integer 
	Parameter C_HAS_SINIT bound to: 0 - type: integer 
INFO: [Synth 8-3491] module 'c_counter_binary_v12_0_12' declared at 'c:/Users/hatic/deigit_des/deigit_des.srcs/sources_1/bd/design_1/ipshared/c366/hdl/c_counter_binary_v12_0_vh_rfs.vhd:2130' bound to instance 'U0' of component 'c_counter_binary_v12_0_12' [c:/Users/hatic/deigit_des/deigit_des.srcs/sources_1/bd/design_1/ip/design_1_c_counter_binary_0_2/synth/design_1_c_counter_binary_0_2.vhd:128]
INFO: [Synth 8-256] done synthesizing module 'design_1_c_counter_binary_0_2' (8#1) [c:/Users/hatic/deigit_des/deigit_des.srcs/sources_1/bd/design_1/ip/design_1_c_counter_binary_0_2/synth/design_1_c_counter_binary_0_2.vhd:68]
WARNING: [Synth 8-3331] design c_reg_fd_v12_0_5_viv has unconnected port CE
WARNING: [Synth 8-3331] design c_reg_fd_v12_0_5_viv has unconnected port AINIT
WARNING: [Synth 8-3331] design c_reg_fd_v12_0_5_viv has unconnected port ACLR
WARNING: [Synth 8-3331] design c_reg_fd_v12_0_5_viv has unconnected port ASET
WARNING: [Synth 8-3331] design c_reg_fd_v12_0_5_viv has unconnected port SINIT
WARNING: [Synth 8-3331] design c_reg_fd_v12_0_5_viv has unconnected port SCLR
WARNING: [Synth 8-3331] design c_reg_fd_v12_0_5_viv has unconnected port SSET
WARNING: [Synth 8-3331] design c_addsub_v12_0_12_lut6_legacy has unconnected port add
WARNING: [Synth 8-3331] design c_addsub_v12_0_12_lut6_legacy has unconnected port c_in
WARNING: [Synth 8-3331] design c_addsub_v12_0_12_lut6_legacy has unconnected port ce
WARNING: [Synth 8-3331] design c_addsub_v12_0_12_lut6_legacy has unconnected port sclr
WARNING: [Synth 8-3331] design c_addsub_v12_0_12_lut6_legacy has unconnected port sset
WARNING: [Synth 8-3331] design c_addsub_v12_0_12_lut6_legacy has unconnected port sinit
WARNING: [Synth 8-3331] design c_addsub_v12_0_12_legacy has unconnected port c_in
WARNING: [Synth 8-3331] design c_addsub_v12_0_12_legacy has unconnected port b_in
WARNING: [Synth 8-3331] design c_addsub_v12_0_12_legacy has unconnected port a_signed
WARNING: [Synth 8-3331] design c_addsub_v12_0_12_legacy has unconnected port b_signed
WARNING: [Synth 8-3331] design c_counter_binary_v12_0_12_legacy has unconnected port up
WARNING: [Synth 8-3331] design c_counter_binary_v12_0_12_legacy has unconnected port ce
WARNING: [Synth 8-3331] design c_counter_binary_v12_0_12_legacy has unconnected port iv[15]
WARNING: [Synth 8-3331] design c_counter_binary_v12_0_12_legacy has unconnected port iv[14]
WARNING: [Synth 8-3331] design c_counter_binary_v12_0_12_legacy has unconnected port iv[13]
WARNING: [Synth 8-3331] design c_counter_binary_v12_0_12_legacy has unconnected port iv[12]
WARNING: [Synth 8-3331] design c_counter_binary_v12_0_12_legacy has unconnected port iv[11]
WARNING: [Synth 8-3331] design c_counter_binary_v12_0_12_legacy has unconnected port iv[10]
WARNING: [Synth 8-3331] design c_counter_binary_v12_0_12_legacy has unconnected port iv[9]
WARNING: [Synth 8-3331] design c_counter_binary_v12_0_12_legacy has unconnected port iv[8]
WARNING: [Synth 8-3331] design c_counter_binary_v12_0_12_legacy has unconnected port iv[7]
WARNING: [Synth 8-3331] design c_counter_binary_v12_0_12_legacy has unconnected port iv[6]
WARNING: [Synth 8-3331] design c_counter_binary_v12_0_12_legacy has unconnected port iv[5]
WARNING: [Synth 8-3331] design c_counter_binary_v12_0_12_legacy has unconnected port iv[4]
WARNING: [Synth 8-3331] design c_counter_binary_v12_0_12_legacy has unconnected port iv[3]
WARNING: [Synth 8-3331] design c_counter_binary_v12_0_12_legacy has unconnected port iv[2]
WARNING: [Synth 8-3331] design c_counter_binary_v12_0_12_legacy has unconnected port iv[1]
WARNING: [Synth 8-3331] design c_counter_binary_v12_0_12_legacy has unconnected port iv[0]
WARNING: [Synth 8-3331] design c_counter_binary_v12_0_12_legacy has unconnected port sclr
WARNING: [Synth 8-3331] design c_counter_binary_v12_0_12_legacy has unconnected port sset
WARNING: [Synth 8-3331] design c_counter_binary_v12_0_12_legacy has unconnected port sinit
---------------------------------------------------------------------------------
Finished RTL Elaboration : Time (s): cpu = 00:00:10 ; elapsed = 00:00:12 . Memory (MB): peak = 512.031 ; gain = 162.074
---------------------------------------------------------------------------------

Report Check Netlist: 
+------+------------------+-------+---------+-------+------------------+
|      |Item              |Errors |Warnings |Status |Description       |
+------+------------------+-------+---------+-------+------------------+
|1     |multi_driven_nets |      0|        0|Passed |Multi driven nets |
+------+------------------+-------+---------+-------+------------------+
---------------------------------------------------------------------------------
Start Handling Custom Attributes
---------------------------------------------------------------------------------
---------------------------------------------------------------------------------
Finished Handling Custom Attributes : Time (s): cpu = 00:00:11 ; elapsed = 00:00:12 . Memory (MB): peak = 512.031 ; gain = 162.074
---------------------------------------------------------------------------------
---------------------------------------------------------------------------------
Finished RTL Optimization Phase 1 : Time (s): cpu = 00:00:11 ; elapsed = 00:00:12 . Memory (MB): peak = 512.031 ; gain = 162.074
---------------------------------------------------------------------------------
INFO: [Netlist 29-17] Analyzing 31 Unisim elements for replacement
INFO: [Netlist 29-28] Unisim Transformation completed in 0 CPU seconds
INFO: [Device 21-403] Loading part xc7a35tcpg236-1
INFO: [Project 1-570] Preparing netlist for logic optimization

Processing XDC Constraints
Initializing timing engine
Parsing XDC File [c:/Users/hatic/deigit_des/deigit_des.srcs/sources_1/bd/design_1/ip/design_1_c_counter_binary_0_2/design_1_c_counter_binary_0_2_ooc.xdc] for cell 'U0'
Finished Parsing XDC File [c:/Users/hatic/deigit_des/deigit_des.srcs/sources_1/bd/design_1/ip/design_1_c_counter_binary_0_2/design_1_c_counter_binary_0_2_ooc.xdc] for cell 'U0'
Parsing XDC File [C:/Users/hatic/deigit_des/deigit_des.runs/design_1_c_counter_binary_0_2_synth_1/dont_touch.xdc]
Finished Parsing XDC File [C:/Users/hatic/deigit_des/deigit_des.runs/design_1_c_counter_binary_0_2_synth_1/dont_touch.xdc]
Completed Processing XDC Constraints

INFO: [Project 1-111] Unisim Transformation Summary:
No Unisim elements were transformed.

Constraint Validation Runtime : Time (s): cpu = 00:00:00 ; elapsed = 00:00:00.034 . Memory (MB): peak = 788.848 ; gain = 1.570
---------------------------------------------------------------------------------
Finished Constraint Validation : Time (s): cpu = 00:00:22 ; elapsed = 00:00:25 . Memory (MB): peak = 788.848 ; gain = 438.891
---------------------------------------------------------------------------------
---------------------------------------------------------------------------------
Start Loading Part and Timing Information
---------------------------------------------------------------------------------
Loading part: xc7a35tcpg236-1
---------------------------------------------------------------------------------
Finished Loading Part and Timing Information : Time (s): cpu = 00:00:22 ; elapsed = 00:00:25 . Memory (MB): peak = 788.848 ; gain = 438.891
---------------------------------------------------------------------------------
---------------------------------------------------------------------------------
Start Applying 'set_property' XDC Constraints
---------------------------------------------------------------------------------
Applied set_property DONT_TOUCH = true for U0. (constraint file  C:/Users/hatic/deigit_des/deigit_des.runs/design_1_c_counter_binary_0_2_synth_1/dont_touch.xdc, line 9).
---------------------------------------------------------------------------------
Finished applying 'set_property' XDC Constraints : Time (s): cpu = 00:00:22 ; elapsed = 00:00:25 . Memory (MB): peak = 788.848 ; gain = 438.891
---------------------------------------------------------------------------------
---------------------------------------------------------------------------------
Finished RTL Optimization Phase 2 : Time (s): cpu = 00:00:22 ; elapsed = 00:00:25 . Memory (MB): peak = 788.848 ; gain = 438.891
---------------------------------------------------------------------------------

Report RTL Partitions: 
+-+--------------+------------+----------+
| |RTL Partition |Replication |Instances |
+-+--------------+------------+----------+
+-+--------------+------------+----------+
---------------------------------------------------------------------------------
Start RTL Component Statistics 
---------------------------------------------------------------------------------
---------------------------------------------------------------------------------
Finished RTL Component Statistics 
---------------------------------------------------------------------------------
---------------------------------------------------------------------------------
Start RTL Hierarchical Component Statistics 
---------------------------------------------------------------------------------
---------------------------------------------------------------------------------
Finished RTL Hierarchical Component Statistics
---------------------------------------------------------------------------------
---------------------------------------------------------------------------------
Start Part Resource Summary
---------------------------------------------------------------------------------
Part Resources:
DSPs: 90 (col length:60)
BRAMs: 100 (col length: RAMB18 60 RAMB36 30)
---------------------------------------------------------------------------------
Finished Part Resource Summary
---------------------------------------------------------------------------------
---------------------------------------------------------------------------------
Start Cross Boundary and Area Optimization
---------------------------------------------------------------------------------
Warning: Parallel synthesis criteria is not met 
WARNING: [Synth 8-3331] design c_counter_binary_v12_0_12_viv has unconnected port CE
WARNING: [Synth 8-3331] design c_counter_binary_v12_0_12_viv has unconnected port SCLR
WARNING: [Synth 8-3331] design c_counter_binary_v12_0_12_viv has unconnected port SSET
WARNING: [Synth 8-3331] design c_counter_binary_v12_0_12_viv has unconnected port SINIT
WARNING: [Synth 8-3331] design c_counter_binary_v12_0_12_viv has unconnected port UP
---------------------------------------------------------------------------------
Finished Cross Boundary and Area Optimization : Time (s): cpu = 00:00:23 ; elapsed = 00:00:26 . Memory (MB): peak = 788.848 ; gain = 438.891
---------------------------------------------------------------------------------

Report RTL Partitions: 
+-+--------------+------------+----------+
| |RTL Partition |Replication |Instances |
+-+--------------+------------+----------+
+-+--------------+------------+----------+
---------------------------------------------------------------------------------
Start Applying XDC Timing Constraints
---------------------------------------------------------------------------------
---------------------------------------------------------------------------------
Finished Applying XDC Timing Constraints : Time (s): cpu = 00:00:34 ; elapsed = 00:00:39 . Memory (MB): peak = 821.566 ; gain = 471.609
---------------------------------------------------------------------------------
---------------------------------------------------------------------------------
Start Timing Optimization
---------------------------------------------------------------------------------
---------------------------------------------------------------------------------
Finished Timing Optimization : Time (s): cpu = 00:00:34 ; elapsed = 00:00:39 . Memory (MB): peak = 831.305 ; gain = 481.348
---------------------------------------------------------------------------------

Report RTL Partitions: 
+-+--------------+------------+----------+
| |RTL Partition |Replication |Instances |
+-+--------------+------------+----------+
+-+--------------+------------+----------+
---------------------------------------------------------------------------------
Start Technology Mapping
---------------------------------------------------------------------------------
---------------------------------------------------------------------------------
Finished Technology Mapping : Time (s): cpu = 00:00:34 ; elapsed = 00:00:39 . Memory (MB): peak = 831.305 ; gain = 481.348
---------------------------------------------------------------------------------

Report RTL Partitions: 
+-+--------------+------------+----------+
| |RTL Partition |Replication |Instances |
+-+--------------+------------+----------+
+-+--------------+------------+----------+
---------------------------------------------------------------------------------
Start IO Insertion
---------------------------------------------------------------------------------
---------------------------------------------------------------------------------
Start Flattening Before IO Insertion
---------------------------------------------------------------------------------
---------------------------------------------------------------------------------
Finished Flattening Before IO Insertion
---------------------------------------------------------------------------------
---------------------------------------------------------------------------------
Start Final Netlist Cleanup
---------------------------------------------------------------------------------
---------------------------------------------------------------------------------
Finished Final Netlist Cleanup
---------------------------------------------------------------------------------
---------------------------------------------------------------------------------
Finished IO Insertion : Time (s): cpu = 00:00:36 ; elapsed = 00:00:40 . Memory (MB): peak = 831.305 ; gain = 481.348
---------------------------------------------------------------------------------

Report Check Netlist: 
+------+------------------+-------+---------+-------+------------------+
|      |Item              |Errors |Warnings |Status |Description       |
+------+------------------+-------+---------+-------+------------------+
|1     |multi_driven_nets |      0|        0|Passed |Multi driven nets |
+------+------------------+-------+---------+-------+------------------+
---------------------------------------------------------------------------------
Start Renaming Generated Instances
---------------------------------------------------------------------------------
---------------------------------------------------------------------------------
Finished Renaming Generated Instances : Time (s): cpu = 00:00:36 ; elapsed = 00:00:40 . Memory (MB): peak = 831.305 ; gain = 481.348
---------------------------------------------------------------------------------

Report RTL Partitions: 
+-+--------------+------------+----------+
| |RTL Partition |Replication |Instances |
+-+--------------+------------+----------+
+-+--------------+------------+----------+
---------------------------------------------------------------------------------
Start Rebuilding User Hierarchy
---------------------------------------------------------------------------------
---------------------------------------------------------------------------------
Finished Rebuilding User Hierarchy : Time (s): cpu = 00:00:36 ; elapsed = 00:00:40 . Memory (MB): peak = 831.305 ; gain = 481.348
---------------------------------------------------------------------------------
---------------------------------------------------------------------------------
Start Renaming Generated Ports
---------------------------------------------------------------------------------
---------------------------------------------------------------------------------
Finished Renaming Generated Ports : Time (s): cpu = 00:00:36 ; elapsed = 00:00:40 . Memory (MB): peak = 831.305 ; gain = 481.348
---------------------------------------------------------------------------------
---------------------------------------------------------------------------------
Start Handling Custom Attributes
---------------------------------------------------------------------------------
---------------------------------------------------------------------------------
Finished Handling Custom Attributes : Time (s): cpu = 00:00:36 ; elapsed = 00:00:40 . Memory (MB): peak = 831.305 ; gain = 481.348
---------------------------------------------------------------------------------
---------------------------------------------------------------------------------
Start Renaming Generated Nets
---------------------------------------------------------------------------------
---------------------------------------------------------------------------------
Finished Renaming Generated Nets : Time (s): cpu = 00:00:36 ; elapsed = 00:00:40 . Memory (MB): peak = 831.305 ; gain = 481.348
---------------------------------------------------------------------------------
---------------------------------------------------------------------------------
Start Writing Synthesis Report
---------------------------------------------------------------------------------

Report BlackBoxes: 
+-+--------------+----------+
| |BlackBox name |Instances |
+-+--------------+----------+
+-+--------------+----------+

Report Cell Usage: 
+------+------+------+
|      |Cell  |Count |
+------+------+------+
|1     |LUT3  |    16|
|2     |MUXCY |    15|
|3     |XORCY |    16|
|4     |FDRE  |    16|
+------+------+------+
---------------------------------------------------------------------------------
Finished Writing Synthesis Report : Time (s): cpu = 00:00:36 ; elapsed = 00:00:40 . Memory (MB): peak = 831.305 ; gain = 481.348
---------------------------------------------------------------------------------
Synthesis finished with 0 errors, 0 critical warnings and 5 warnings.
Synthesis Optimization Runtime : Time (s): cpu = 00:00:17 ; elapsed = 00:00:31 . Memory (MB): peak = 831.305 ; gain = 204.531
Synthesis Optimization Complete : Time (s): cpu = 00:00:36 ; elapsed = 00:00:41 . Memory (MB): peak = 831.305 ; gain = 481.348
INFO: [Project 1-571] Translating synthesized netlist
INFO: [Netlist 29-17] Analyzing 31 Unisim elements for replacement
INFO: [Netlist 29-28] Unisim Transformation completed in 0 CPU seconds
INFO: [Project 1-570] Preparing netlist for logic optimization
INFO: [Opt 31-138] Pushed 0 inverter(s) to 0 load pin(s).
INFO: [Project 1-111] Unisim Transformation Summary:
  A total of 4 instances were transformed.
  (MUXCY,XORCY) => CARRY4: 4 instances

INFO: [Common 17-83] Releasing license: Synthesis
16 Infos, 43 Warnings, 0 Critical Warnings and 0 Errors encountered.
synth_design completed successfully
synth_design: Time (s): cpu = 00:00:38 ; elapsed = 00:00:43 . Memory (MB): peak = 842.129 ; gain = 503.645
WARNING: [Constraints 18-5210] No constraint will be written out.
INFO: [Common 17-1381] The checkpoint 'C:/Users/hatic/deigit_des/deigit_des.runs/design_1_c_counter_binary_0_2_synth_1/design_1_c_counter_binary_0_2.dcp' has been generated.
